This is pdfTeX, Version 3.141592653-2.6-1.40.25 (MiKTeX 24.1) (preloaded format=pdflatex 2024.10.13)  18 APR 2025 14:18
entering extended mode
 restricted \write18 enabled.
 file:line:error style messages enabled.
 %&-line parsing enabled.
**c:/Users/palo/projects/microfrontends/thesis/main.tex
(c:/Users/palo/projects/microfrontends/thesis/main.tex
LaTeX2e <2023-11-01> patch level 1
L3 programming layer <2024-01-04>
(C:\Users\palo\AppData\Local\Programs\MiKTeX\tex/latex/base\book.cls
Document Class: book 2023/05/17 v1.4n Standard LaTeX document class
(C:\Users\palo\AppData\Local\Programs\MiKTeX\tex/latex/base\bk12.clo
File: bk12.clo 2023/05/17 v1.4n Standard LaTeX file (size option)
)
\c@part=\count187
\c@chapter=\count188
\c@section=\count189
\c@subsection=\count190
\c@subsubsection=\count191
\c@paragraph=\count192
\c@subparagraph=\count193
\c@figure=\count194
\c@table=\count195
\abovecaptionskip=\skip48
\belowcaptionskip=\skip49
\bibindent=\dimen140
) (C:\Users\palo\AppData\Local\Programs\MiKTeX\tex/latex/geometry\geometry.sty
Package: geometry 2020/01/02 v5.9 Page Geometry
 (C:\Users\palo\AppData\Local\Programs\MiKTeX\tex/latex/graphics\keyval.sty
Package: keyval 2022/05/29 v1.15 key=value parser (DPC)
\KV@toks@=\toks17
) (C:\Users\palo\AppData\Local\Programs\MiKTeX\tex/generic/iftex\ifvtex.sty
Package: ifvtex 2019/10/25 v1.7 ifvtex legacy package. Use iftex instead.
 (C:\Users\palo\AppData\Local\Programs\MiKTeX\tex/generic/iftex\iftex.sty
Package: iftex 2022/02/03 v1.0f TeX engine tests
))
\Gm@cnth=\count196
\Gm@cntv=\count197
\c@Gm@tempcnt=\count198
\Gm@bindingoffset=\dimen141
\Gm@wd@mp=\dimen142
\Gm@odd@mp=\dimen143
\Gm@even@mp=\dimen144
\Gm@layoutwidth=\dimen145
\Gm@layoutheight=\dimen146
\Gm@layouthoffset=\dimen147
\Gm@layoutvoffset=\dimen148
\Gm@dimlist=\toks18
 (C:\Users\palo\AppData\Local\Programs\MiKTeX\tex/latex/geometry\geometry.cfg)) (C:\Users\palo\AppData\Local\Programs\MiKTeX\tex/latex/base\inputenc.sty
Package: inputenc 2021/02/14 v1.3d Input encoding file
\inpenc@prehook=\toks19
\inpenc@posthook=\toks20
) (C:\Users\palo\AppData\Local\Programs\MiKTeX\tex/latex/base\fontenc.sty
Package: fontenc 2021/04/29 v2.0v Standard LaTeX package
) (C:\Users\palo\AppData\Local\Programs\MiKTeX\tex/latex/amsmath\amsmath.sty
Package: amsmath 2023/05/13 v2.17o AMS math features
\@mathmargin=\skip50

For additional information on amsmath, use the `?' option.
(C:\Users\palo\AppData\Local\Programs\MiKTeX\tex/latex/amsmath\amstext.sty
Package: amstext 2021/08/26 v2.01 AMS text
 (C:\Users\palo\AppData\Local\Programs\MiKTeX\tex/latex/amsmath\amsgen.sty
File: amsgen.sty 1999/11/30 v2.0 generic functions
\@emptytoks=\toks21
\ex@=\dimen149
)) (C:\Users\palo\AppData\Local\Programs\MiKTeX\tex/latex/amsmath\amsbsy.sty
Package: amsbsy 1999/11/29 v1.2d Bold Symbols
\pmbraise@=\dimen150
) (C:\Users\palo\AppData\Local\Programs\MiKTeX\tex/latex/amsmath\amsopn.sty
Package: amsopn 2022/04/08 v2.04 operator names
)
\inf@bad=\count199
LaTeX Info: Redefining \frac on input line 234.
\uproot@=\count266
\leftroot@=\count267
LaTeX Info: Redefining \overline on input line 399.
LaTeX Info: Redefining \colon on input line 410.
\classnum@=\count268
\DOTSCASE@=\count269
LaTeX Info: Redefining \ldots on input line 496.
LaTeX Info: Redefining \dots on input line 499.
LaTeX Info: Redefining \cdots on input line 620.
\Mathstrutbox@=\box51
\strutbox@=\box52
LaTeX Info: Redefining \big on input line 722.
LaTeX Info: Redefining \Big on input line 723.
LaTeX Info: Redefining \bigg on input line 724.
LaTeX Info: Redefining \Bigg on input line 725.
\big@size=\dimen151
LaTeX Font Info:    Redeclaring font encoding OML on input line 743.
LaTeX Font Info:    Redeclaring font encoding OMS on input line 744.
\macc@depth=\count270
LaTeX Info: Redefining \bmod on input line 905.
LaTeX Info: Redefining \pmod on input line 910.
LaTeX Info: Redefining \smash on input line 940.
LaTeX Info: Redefining \relbar on input line 970.
LaTeX Info: Redefining \Relbar on input line 971.
\c@MaxMatrixCols=\count271
\dotsspace@=\muskip16
\c@parentequation=\count272
\dspbrk@lvl=\count273
\tag@help=\toks22
\row@=\count274
\column@=\count275
\maxfields@=\count276
\andhelp@=\toks23
\eqnshift@=\dimen152
\alignsep@=\dimen153
\tagshift@=\dimen154
\tagwidth@=\dimen155
\totwidth@=\dimen156
\lineht@=\dimen157
\@envbody=\toks24
\multlinegap=\skip51
\multlinetaggap=\skip52
\mathdisplay@stack=\toks25
LaTeX Info: Redefining \[ on input line 2953.
LaTeX Info: Redefining \] on input line 2954.
) (C:\Users\palo\AppData\Local\Programs\MiKTeX\tex/latex/enumitem\enumitem.sty
Package: enumitem 2019/06/20 v3.9 Customized lists
\labelindent=\skip53
\enit@outerparindent=\dimen158
\enit@toks=\toks26
\enit@inbox=\box53
\enit@count@id=\count277
\enitdp@description=\count278
) (C:\Users\palo\AppData\Local\Programs\MiKTeX\tex/latex/tools\array.sty
Package: array 2023/10/16 v2.5g Tabular extension package (FMi)
\col@sep=\dimen159
\ar@mcellbox=\box54
\extrarowheight=\dimen160
\NC@list=\toks27
\extratabsurround=\skip54
\backup@length=\skip55
\ar@cellbox=\box55
) (C:\Users\palo\AppData\Local\Programs\MiKTeX\tex/latex/xcolor\xcolor.sty
Package: xcolor 2023/11/15 v3.01 LaTeX color extensions (UK)
 (C:\Users\palo\AppData\Local\Programs\MiKTeX\tex/latex/graphics-cfg\color.cfg
File: color.cfg 2016/01/02 v1.6 sample color configuration
)
Package xcolor Info: Driver file: pdftex.def on input line 274.
 (C:\Users\palo\AppData\Local\Programs\MiKTeX\tex/latex/graphics-def\pdftex.def
File: pdftex.def 2022/09/22 v1.2b Graphics/color driver for pdftex
) (C:\Users\palo\AppData\Local\Programs\MiKTeX\tex/latex/graphics\mathcolor.ltx)
Package xcolor Info: Model `cmy' substituted by `cmy0' on input line 1350.
Package xcolor Info: Model `hsb' substituted by `rgb' on input line 1354.
Package xcolor Info: Model `RGB' extended on input line 1366.
Package xcolor Info: Model `HTML' substituted by `rgb' on input line 1368.
Package xcolor Info: Model `Hsb' substituted by `hsb' on input line 1369.
Package xcolor Info: Model `tHsb' substituted by `hsb' on input line 1370.
Package xcolor Info: Model `HSB' substituted by `hsb' on input line 1371.
Package xcolor Info: Model `Gray' substituted by `gray' on input line 1372.
Package xcolor Info: Model `wave' substituted by `hsb' on input line 1373.
) (C:\Users\palo\AppData\Local\Programs\MiKTeX\tex/latex/listings\listings.sty
\lst@mode=\count279
\lst@gtempboxa=\box56
\lst@token=\toks28
\lst@length=\count280
\lst@currlwidth=\dimen161
\lst@column=\count281
\lst@pos=\count282
\lst@lostspace=\dimen162
\lst@width=\dimen163
\lst@newlines=\count283
\lst@lineno=\count284
\lst@maxwidth=\dimen164
 (C:\Users\palo\AppData\Local\Programs\MiKTeX\tex/latex/listings\lstmisc.sty
File: lstmisc.sty 2023/02/27 1.9 (Carsten Heinz)
\c@lstnumber=\count285
\lst@skipnumbers=\count286
\lst@framebox=\box57
) (C:\Users\palo\AppData\Local\Programs\MiKTeX\tex/latex/listings\listings.cfg
File: listings.cfg 2023/02/27 1.9 listings configuration
))
Package: listings 2023/02/27 1.9 (Carsten Heinz)
 (C:\Users\palo\AppData\Local\Programs\MiKTeX\tex/latex/graphics\graphicx.sty
Package: graphicx 2021/09/16 v1.2d Enhanced LaTeX Graphics (DPC,SPQR)
 (C:\Users\palo\AppData\Local\Programs\MiKTeX\tex/latex/graphics\graphics.sty
Package: graphics 2022/03/10 v1.4e Standard LaTeX Graphics (DPC,SPQR)
 (C:\Users\palo\AppData\Local\Programs\MiKTeX\tex/latex/graphics\trig.sty
Package: trig 2021/08/11 v1.11 sin cos tan (DPC)
) (C:\Users\palo\AppData\Local\Programs\MiKTeX\tex/latex/graphics-cfg\graphics.cfg
File: graphics.cfg 2016/06/04 v1.11 sample graphics configuration
)
Package graphics Info: Driver file: pdftex.def on input line 107.
)
\Gin@req@height=\dimen165
\Gin@req@width=\dimen166
) (C:\Users\palo\AppData\Local\Programs\MiKTeX\tex/latex/pdfpages\pdfpages.sty
Package: pdfpages 2024/08/20 v0.6b Insert pages of external PDF documents (AM)
 (C:\Users\palo\AppData\Local\Programs\MiKTeX\tex/latex/base\ifthen.sty
Package: ifthen 2022/04/13 v1.1d Standard LaTeX ifthen package (DPC)
) (C:\Users\palo\AppData\Local\Programs\MiKTeX\tex/latex/tools\calc.sty
Package: calc 2023/07/08 v4.3 Infix arithmetic (KKT,FJ)
\calc@Acount=\count287
\calc@Bcount=\count288
\calc@Adimen=\dimen167
\calc@Bdimen=\dimen168
\calc@Askip=\skip56
\calc@Bskip=\skip57
LaTeX Info: Redefining \setlength on input line 80.
LaTeX Info: Redefining \addtolength on input line 81.
\calc@Ccount=\count289
\calc@Cskip=\skip58
) (C:\Users\palo\AppData\Local\Programs\MiKTeX\tex/latex/eso-pic\eso-pic.sty
Package: eso-pic 2023/05/03 v3.0c eso-pic (RN)
\ESO@tempdima=\dimen169
\ESO@tempdimb=\dimen170
)
\AM@pagewidth=\dimen171
\AM@pageheight=\dimen172
\AM@fboxrule=\dimen173
 (C:\Users\palo\AppData\Local\Programs\MiKTeX\tex/latex/pdfpages\pppdftex.def
File: pppdftex.def 2024/08/20 v0.6b Pdfpages driver for pdfTeX (AM)
)
\pdfpages@includegraphics@status=\count290
\AM@pagebox=\box58
\AM@global@opts=\toks29
\AM@pagecnt=\count291
\AM@toc@title=\toks30
\AM@lof@heading=\toks31
\c@AM@survey=\count292
\AM@templatesizebox=\box59
) (C:\Users\palo\AppData\Local\Programs\MiKTeX\tex/latex/url\url.sty
\Urlmuskip=\muskip17
Package: url 2013/09/16  ver 3.4  Verb mode for urls, etc.
) (C:\Users\palo\AppData\Local\Programs\MiKTeX\tex/latex/hyperref\hyperref.sty
Package: hyperref 2023-11-26 v7.01g Hypertext links for LaTeX
 (C:\Users\palo\AppData\Local\Programs\MiKTeX\tex/generic/infwarerr\infwarerr.sty
Package: infwarerr 2019/12/03 v1.5 Providing info/warning/error messages (HO)
) (C:\Users\palo\AppData\Local\Programs\MiKTeX\tex/latex/kvsetkeys\kvsetkeys.sty
Package: kvsetkeys 2022-10-05 v1.19 Key value parser (HO)
) (C:\Users\palo\AppData\Local\Programs\MiKTeX\tex/generic/kvdefinekeys\kvdefinekeys.sty
Package: kvdefinekeys 2019-12-19 v1.6 Define keys (HO)
) (C:\Users\palo\AppData\Local\Programs\MiKTeX\tex/generic/pdfescape\pdfescape.sty
Package: pdfescape 2019/12/09 v1.15 Implements pdfTeX's escape features (HO)
 (C:\Users\palo\AppData\Local\Programs\MiKTeX\tex/generic/ltxcmds\ltxcmds.sty
Package: ltxcmds 2023-12-04 v1.26 LaTeX kernel commands for general use (HO)
) (C:\Users\palo\AppData\Local\Programs\MiKTeX\tex/generic/pdftexcmds\pdftexcmds.sty
Package: pdftexcmds 2020-06-27 v0.33 Utility functions of pdfTeX for LuaTeX (HO)
Package pdftexcmds Info: \pdf@primitive is available.
Package pdftexcmds Info: \pdf@ifprimitive is available.
Package pdftexcmds Info: \pdfdraftmode found.
)) (C:\Users\palo\AppData\Local\Programs\MiKTeX\tex/latex/hycolor\hycolor.sty
Package: hycolor 2020-01-27 v1.10 Color options for hyperref/bookmark (HO)
) (C:\Users\palo\AppData\Local\Programs\MiKTeX\tex/latex/letltxmacro\letltxmacro.sty
Package: letltxmacro 2019/12/03 v1.6 Let assignment for LaTeX macros (HO)
) (C:\Users\palo\AppData\Local\Programs\MiKTeX\tex/latex/auxhook\auxhook.sty
Package: auxhook 2019-12-17 v1.6 Hooks for auxiliary files (HO)
) (C:\Users\palo\AppData\Local\Programs\MiKTeX\tex/latex/hyperref\nameref.sty
Package: nameref 2023-11-26 v2.56 Cross-referencing by name of section
 (C:\Users\palo\AppData\Local\Programs\MiKTeX\tex/latex/refcount\refcount.sty
Package: refcount 2019/12/15 v3.6 Data extraction from label references (HO)
) (C:\Users\palo\AppData\Local\Programs\MiKTeX\tex/generic/gettitlestring\gettitlestring.sty
Package: gettitlestring 2019/12/15 v1.6 Cleanup title references (HO)
 (C:\Users\palo\AppData\Local\Programs\MiKTeX\tex/latex/kvoptions\kvoptions.sty
Package: kvoptions 2022-06-15 v3.15 Key value format for package options (HO)
))
\c@section@level=\count293
) (C:\Users\palo\AppData\Local\Programs\MiKTeX\tex/latex/etoolbox\etoolbox.sty
Package: etoolbox 2020/10/05 v2.5k e-TeX tools for LaTeX (JAW)
\etb@tempcnta=\count294
)
\@linkdim=\dimen174
\Hy@linkcounter=\count295
\Hy@pagecounter=\count296
 (C:\Users\palo\AppData\Local\Programs\MiKTeX\tex/latex/hyperref\pd1enc.def
File: pd1enc.def 2023-11-26 v7.01g Hyperref: PDFDocEncoding definition (HO)
Now handling font encoding PD1 ...
... no UTF-8 mapping file for font encoding PD1
) (C:\Users\palo\AppData\Local\Programs\MiKTeX\tex/generic/intcalc\intcalc.sty
Package: intcalc 2019/12/15 v1.3 Expandable calculations with integers (HO)
)
\Hy@SavedSpaceFactor=\count297
 (C:\Users\palo\AppData\Local\Programs\MiKTeX\tex/latex/hyperref\puenc.def
File: puenc.def 2023-11-26 v7.01g Hyperref: PDF Unicode definition (HO)
Now handling font encoding PU ...
... no UTF-8 mapping file for font encoding PU
)
Package hyperref Info: Option `breaklinks' set `true' on input line 4064.
Package hyperref Info: Hyper figures OFF on input line 4181.
Package hyperref Info: Link nesting OFF on input line 4186.
Package hyperref Info: Hyper index ON on input line 4189.
Package hyperref Info: Plain pages OFF on input line 4196.
Package hyperref Info: Backreferencing OFF on input line 4201.
Package hyperref Info: Implicit mode ON; LaTeX internals redefined.
Package hyperref Info: Bookmarks ON on input line 4448.
\c@Hy@tempcnt=\count298
LaTeX Info: Redefining \url on input line 4786.
\XeTeXLinkMargin=\dimen175
 (C:\Users\palo\AppData\Local\Programs\MiKTeX\tex/generic/bitset\bitset.sty
Package: bitset 2019/12/09 v1.3 Handle bit-vector datatype (HO)
 (C:\Users\palo\AppData\Local\Programs\MiKTeX\tex/generic/bigintcalc\bigintcalc.sty
Package: bigintcalc 2019/12/15 v1.5 Expandable calculations on big integers (HO)
))
\Fld@menulength=\count299
\Field@Width=\dimen176
\Fld@charsize=\dimen177
Package hyperref Info: Hyper figures OFF on input line 6065.
Package hyperref Info: Link nesting OFF on input line 6070.
Package hyperref Info: Hyper index ON on input line 6073.
Package hyperref Info: backreferencing OFF on input line 6080.
Package hyperref Info: Link coloring OFF on input line 6085.
Package hyperref Info: Link coloring with OCG OFF on input line 6090.
Package hyperref Info: PDF/A mode OFF on input line 6095.
 (C:\Users\palo\AppData\Local\Programs\MiKTeX\tex/latex/base\atbegshi-ltx.sty
Package: atbegshi-ltx 2021/01/10 v1.0c Emulation of the original atbegshi
package with kernel methods
)
\Hy@abspage=\count300
\c@Item=\count301
\c@Hfootnote=\count302
)
Package hyperref Info: Driver (autodetected): hpdftex.
 (C:\Users\palo\AppData\Local\Programs\MiKTeX\tex/latex/hyperref\hpdftex.def
File: hpdftex.def 2023-11-26 v7.01g Hyperref driver for pdfTeX
 (C:\Users\palo\AppData\Local\Programs\MiKTeX\tex/latex/base\atveryend-ltx.sty
Package: atveryend-ltx 2020/08/19 v1.0a Emulation of the original atveryend package
with kernel methods
)
\Fld@listcount=\count303
\c@bookmark@seq@number=\count304
 (C:\Users\palo\AppData\Local\Programs\MiKTeX\tex/latex/rerunfilecheck\rerunfilecheck.sty
Package: rerunfilecheck 2022-07-10 v1.10 Rerun checks for auxiliary files (HO)
 (C:\Users\palo\AppData\Local\Programs\MiKTeX\tex/generic/uniquecounter\uniquecounter.sty
Package: uniquecounter 2019/12/15 v1.4 Provide unlimited unique counter (HO)
)
Package uniquecounter Info: New unique counter `rerunfilecheck' on input line 285.
)
\Hy@SectionHShift=\skip59
) (C:\Users\palo\AppData\Local\Programs\MiKTeX\tex/latex/l3backend\l3backend-pdftex.def
File: l3backend-pdftex.def 2024-01-04 L3 backend support: PDF output (pdfTeX)
\l__color_backend_stack_int=\count305
\l__pdf_internal_box=\box60
) (main.aux)
\openout1 = `main.aux'.

LaTeX Font Info:    Checking defaults for OML/cmm/m/it on input line 90.
LaTeX Font Info:    ... okay on input line 90.
LaTeX Font Info:    Checking defaults for OMS/cmsy/m/n on input line 90.
LaTeX Font Info:    ... okay on input line 90.
LaTeX Font Info:    Checking defaults for OT1/cmr/m/n on input line 90.
LaTeX Font Info:    ... okay on input line 90.
LaTeX Font Info:    Checking defaults for T1/cmr/m/n on input line 90.
LaTeX Font Info:    ... okay on input line 90.
LaTeX Font Info:    Checking defaults for TS1/cmr/m/n on input line 90.
LaTeX Font Info:    ... okay on input line 90.
LaTeX Font Info:    Checking defaults for OMX/cmex/m/n on input line 90.
LaTeX Font Info:    ... okay on input line 90.
LaTeX Font Info:    Checking defaults for U/cmr/m/n on input line 90.
LaTeX Font Info:    ... okay on input line 90.
LaTeX Font Info:    Checking defaults for PD1/pdf/m/n on input line 90.
LaTeX Font Info:    ... okay on input line 90.
LaTeX Font Info:    Checking defaults for PU/pdf/m/n on input line 90.
LaTeX Font Info:    ... okay on input line 90.

*geometry* driver: auto-detecting
*geometry* detected driver: pdftex
*geometry* verbose mode - [ preamble ] result:
* driver: pdftex
* paper: a4paper
* layout: <same size as paper>
* layoutoffset:(h,v)=(0.0pt,0.0pt)
* modes: 
* h-part:(L,W,R)=(99.58464pt, 441.01773pt, 56.9055pt)
* v-part:(T,H,B)=(71.13188pt, 702.78308pt, 71.13188pt)
* \paperwidth=597.50787pt
* \paperheight=845.04684pt
* \textwidth=441.01773pt
* \textheight=702.78308pt
* \oddsidemargin=27.31465pt
* \evensidemargin=27.31465pt
* \topmargin=-33.0119pt
* \headheight=12.0pt
* \headsep=19.8738pt
* \topskip=12.0pt
* \footskip=30.0pt
* \marginparwidth=47.0pt
* \marginparsep=7.0pt
* \columnsep=10.0pt
* \skip\footins=10.8pt plus 4.0pt minus 2.0pt
* \hoffset=0.0pt
* \voffset=0.0pt
* \mag=1000
* \@twocolumnfalse
* \@twosidefalse
* \@mparswitchfalse
* \@reversemarginfalse
* (1in=72.27pt=25.4mm, 1cm=28.453pt)

(C:\Users\palo\AppData\Local\Programs\MiKTeX\tex/context/base/mkii\supp-pdf.mkii
[Loading MPS to PDF converter (version 2006.09.02).]
\scratchcounter=\count306
\scratchdimen=\dimen178
\scratchbox=\box61
\nofMPsegments=\count307
\nofMParguments=\count308
\everyMPshowfont=\toks32
\MPscratchCnt=\count309
\MPscratchDim=\dimen179
\MPnumerator=\count310
\makeMPintoPDFobject=\count311
\everyMPtoPDFconversion=\toks33
) (C:\Users\palo\AppData\Local\Programs\MiKTeX\tex/latex/epstopdf-pkg\epstopdf-base.sty
Package: epstopdf-base 2020-01-24 v2.11 Base part for package epstopdf
Package epstopdf-base Info: Redefining graphics rule for `.eps' on input line 485.
 (C:\Users\palo\AppData\Local\Programs\MiKTeX\tex/latex/00miktex\epstopdf-sys.cfg
File: epstopdf-sys.cfg 2021/03/18 v2.0 Configuration of epstopdf for MiKTeX
))
\c@lstlisting=\count312
 (C:\Users\palo\AppData\Local\Programs\MiKTeX\tex/latex/pdflscape\pdflscape.sty
Package: pdflscape 2022-10-27 v0.13 Display of landscape pages in PDF
 (C:\Users\palo\AppData\Local\Programs\MiKTeX\tex/latex/pdflscape\pdflscape-nometadata.sty
Package: pdflscape-nometadata 2022-10-28 v0.13 Display of landscape pages in PDF (HO)
 (C:\Users\palo\AppData\Local\Programs\MiKTeX\tex/latex/graphics\lscape.sty
Package: lscape 2020/05/28 v3.02 Landscape Pages (DPC)
)
Package pdflscape Info: Auto-detected driver: pdftex on input line 81.
))
Package hyperref Info: Link coloring OFF on input line 90.
 (main.out) (main.out)
\@outlinefile=\write3
\openout3 = `main.out'.

<images/FMFI_logo_BP.png, id=267, 284.7438pt x 284.7438pt>
File: images/FMFI_logo_BP.png Graphic file (type png)
<use images/FMFI_logo_BP.png>
Package pdftex.def Info: images/FMFI_logo_BP.png  used on input line 105.
(pdftex.def)             Requested size: 176.40439pt x 176.40898pt.
 [1


{C:/Users/palo/AppData/Local/MiKTeX/fonts/map/pdftex/pdftex.map} <./images/FMFI_logo_BP.png>]
File: images/FMFI_logo_BP.png Graphic file (type png)
<use images/FMFI_logo_BP.png>
Package pdftex.def Info: images/FMFI_logo_BP.png  used on input line 136.
(pdftex.def)             Requested size: 176.40439pt x 176.40898pt.
 [2

]
<images/zadanie.pdf, id=282, 597.50731pt x 845.04607pt>
File: images/zadanie.pdf Graphic file (type pdf)
<use images/zadanie.pdf>
Package pdftex.def Info: images/zadanie.pdf  used on input line 175.
(pdftex.def)             Requested size: 597.50584pt x 845.044pt.
File: images/zadanie.pdf Graphic file (type pdf)
<use images/zadanie.pdf>
Package pdftex.def Info: images/zadanie.pdf  used on input line 175.
(pdftex.def)             Requested size: 597.50584pt x 845.044pt.
<images/zadanie.pdf, id=285, page=1, 597.50731pt x 845.04607pt>
File: images/zadanie.pdf Graphic file (type pdf)
<use images/zadanie.pdf, page 1>
Package pdftex.def Info: images/zadanie.pdf , page1 used on input line 175.
(pdftex.def)             Requested size: 597.50584pt x 845.044pt.
File: images/zadanie.pdf Graphic file (type pdf)
<use images/zadanie.pdf, page 1>
Package pdftex.def Info: images/zadanie.pdf , page1 used on input line 175.
(pdftex.def)             Requested size: 597.53319pt x 845.08269pt.
File: images/zadanie.pdf Graphic file (type pdf)
<use images/zadanie.pdf, page 1>
Package pdftex.def Info: images/zadanie.pdf , page1 used on input line 175.
(pdftex.def)             Requested size: 597.53319pt x 845.08269pt.
File: images/zadanie.pdf Graphic file (type pdf)
<use images/zadanie.pdf, page 1>
Package pdftex.def Info: images/zadanie.pdf , page1 used on input line 175.
(pdftex.def)             Requested size: 597.53319pt x 845.08269pt.

pdfTeX warning (ext4): destination with the same identifier (name{page.ii}) has been already used, duplicate ignored
<to be read again> 
                   \relax 
l.175 \includepdf[pages=-]{images/zadanie.pdf}
                                              
File: images/zadanie.pdf Graphic file (type pdf)
<use images/zadanie.pdf, page 1>
Package pdftex.def Info: images/zadanie.pdf , page1 used on input line 175.
(pdftex.def)             Requested size: 597.53319pt x 845.08269pt.
 [2


 <./images/zadanie.pdf>]
<images/zadanie.pdf, id=322, page=2, 597.50731pt x 845.04607pt>
File: images/zadanie.pdf Graphic file (type pdf)
<use images/zadanie.pdf, page 2>
Package pdftex.def Info: images/zadanie.pdf , page2 used on input line 175.
(pdftex.def)             Requested size: 597.53319pt x 845.08269pt.
File: images/zadanie.pdf Graphic file (type pdf)
<use images/zadanie.pdf, page 2>
Package pdftex.def Info: images/zadanie.pdf , page2 used on input line 175.
(pdftex.def)             Requested size: 597.53319pt x 845.08269pt.
File: images/zadanie.pdf Graphic file (type pdf)
<use images/zadanie.pdf, page 2>
Package pdftex.def Info: images/zadanie.pdf , page2 used on input line 175.
(pdftex.def)             Requested size: 597.53319pt x 845.08269pt.
 [3

 <./images/zadanie.pdf>]
<images/zadanie-en.pdf, id=327, 597.50731pt x 845.04607pt>
File: images/zadanie-en.pdf Graphic file (type pdf)
<use images/zadanie-en.pdf>
Package pdftex.def Info: images/zadanie-en.pdf  used on input line 176.
(pdftex.def)             Requested size: 597.50584pt x 845.044pt.
File: images/zadanie-en.pdf Graphic file (type pdf)
<use images/zadanie-en.pdf>
Package pdftex.def Info: images/zadanie-en.pdf  used on input line 176.
(pdftex.def)             Requested size: 597.50584pt x 845.044pt.
<images/zadanie-en.pdf, id=330, page=1, 597.50731pt x 845.04607pt>
File: images/zadanie-en.pdf Graphic file (type pdf)
<use images/zadanie-en.pdf, page 1>
Package pdftex.def Info: images/zadanie-en.pdf , page1 used on input line 176.
(pdftex.def)             Requested size: 597.50584pt x 845.044pt.
File: images/zadanie-en.pdf Graphic file (type pdf)
<use images/zadanie-en.pdf, page 1>
Package pdftex.def Info: images/zadanie-en.pdf , page1 used on input line 176.
(pdftex.def)             Requested size: 597.53319pt x 845.08269pt.
File: images/zadanie-en.pdf Graphic file (type pdf)
<use images/zadanie-en.pdf, page 1>
Package pdftex.def Info: images/zadanie-en.pdf , page1 used on input line 176.
(pdftex.def)             Requested size: 597.53319pt x 845.08269pt.
File: images/zadanie-en.pdf Graphic file (type pdf)
<use images/zadanie-en.pdf, page 1>
Package pdftex.def Info: images/zadanie-en.pdf , page1 used on input line 176.
(pdftex.def)             Requested size: 597.53319pt x 845.08269pt.
File: images/zadanie-en.pdf Graphic file (type pdf)
<use images/zadanie-en.pdf, page 1>
Package pdftex.def Info: images/zadanie-en.pdf , page1 used on input line 176.
(pdftex.def)             Requested size: 597.53319pt x 845.08269pt.
 [4

 <./images/zadanie-en.pdf>]
<images/zadanie-en.pdf, id=359, page=2, 597.50731pt x 845.04607pt>
File: images/zadanie-en.pdf Graphic file (type pdf)
<use images/zadanie-en.pdf, page 2>
Package pdftex.def Info: images/zadanie-en.pdf , page2 used on input line 176.
(pdftex.def)             Requested size: 597.53319pt x 845.08269pt.
File: images/zadanie-en.pdf Graphic file (type pdf)
<use images/zadanie-en.pdf, page 2>
Package pdftex.def Info: images/zadanie-en.pdf , page2 used on input line 176.
(pdftex.def)             Requested size: 597.53319pt x 845.08269pt.
File: images/zadanie-en.pdf Graphic file (type pdf)
<use images/zadanie-en.pdf, page 2>
Package pdftex.def Info: images/zadanie-en.pdf , page2 used on input line 176.
(pdftex.def)             Requested size: 597.53319pt x 845.08269pt.
 [5

 <./images/zadanie-en.pdf>] [6

] [7

] [8

] [9

] (main.toc [10

])
\tf@toc=\write4
\openout4 = `main.toc'.

 [11] [12] (main.lof)
\tf@lof=\write5
\openout5 = `main.lof'.

 [13

] (main.lot)
\tf@lot=\write6
\openout6 = `main.lot'.

 [14

] (main.lol)
\tf@lol=\write7
\openout7 = `main.lol'.

 [15

] (chapters/introduction/Introduction.tex
Chapter 1.
(chapters/introduction/BackgroundAndMotivation.tex) (chapters/introduction/Aim.tex [1


]) (chapters/introduction/ScopeAndLimitations.tex)) (chapters/microservices_and_microfrontends/MicroservicesAndMicrofrontends.tex [2]
Chapter 2.
(chapters/microservices_and_microfrontends/History.tex) (chapters/microservices_and_microfrontends/MicroservicesPrinciples.tex [3

] [4] [5]) (chapters/microservices_and_microfrontends/IntroductionToMicrofrontends.tex
<images/microfrontends-architecture.png, id=644, 1385.175pt x 682.80093pt>
File: images/microfrontends-architecture.png Graphic file (type png)
<use images/microfrontends-architecture.png>
Package pdftex.def Info: images/microfrontends-architecture.png  used on input line 6.
(pdftex.def)             Requested size: 441.01773pt x 217.38596pt.
) (chapters/microservices_and_microfrontends/MicrofrontendsChallenges.tex

LaTeX Warning: `h' float specifier changed to `ht'.

[6] [7 <./images/microfrontends-architecture.png>] [8] [9]) (chapters/microservices_and_microfrontends/MicrofrontendsTradeoffs.tex [10]
Overfull \hbox (5.50374pt too wide) in paragraph at lines 9--10
[]\T1/cmr/m/n/12 Microfrontends en-cour-age changes and ex-per-i-men-ta-tion with new tech-nolo-gies, which
 []

) (chapters/microservices_and_microfrontends/MicrofrontendsInPractice.tex [11] [12])) (chapters/microfrontends_in_detail/MicrofrontendsInDetail.tex [13]
Chapter 3.
(chapters/microfrontends_in_detail/BasicEnablersOfMicrofrontends.tex
LaTeX Font Info:    Trying to load font information for T1+cmtt on input line 8.
 (C:\Users\palo\AppData\Local\Programs\MiKTeX\tex/latex/base\t1cmtt.fd
File: t1cmtt.fd 2023/04/13 v2.5m Standard LaTeX font definitions
)
Package hyperref Info: bookmark level for unknown lstlisting defaults to 0 on input line 9.
 [14

] [15]
LaTeX Font Info:    Font shape `T1/cmtt/bx/n' in size <10.95> not available
(Font)              Font shape `T1/cmtt/m/n' tried instead on input line 54.
 [16]) (chapters/microfrontends_in_detail/CompositionApproaches.tex [17] [18]

LaTeX Warning: `h' float specifier changed to `ht'.

[19]
Overfull \hbox (5.79674pt too wide) in paragraph at lines 92--93
[]\T1/cmtt/m/n/12 <iframe sandbox="allow-scripts" src="..."></iframe> \T1/cmr/m/n/12 - pre-vents form sub-
 []

[20] [21] [22] [23] [24] [25] [26] [27] [28] [29]
Underfull \hbox (badness 10000) in paragraph at lines 432--432
[]|\T1/cmr/m/n/12 Resource shar-
 []


LaTeX Warning: `h' float specifier changed to `ht'.

[30]
Overfull \hbox (2.73198pt too wide) in paragraph at lines 443--444
[]\T1/cmr/m/n/12 Enterprise-level ap-pli-ca-tion de-vel-op-ment typ-i-cally in-volves build-ing large-scale, com-
 []

[31])) (chapters/design/Design.tex [32]
Chapter 4.
(chapters/design/ApplicationIntroduction.tex) (chapters/design/ApplicationRequirements.tex [33

] [34]) (chapters/design/SystemArchitecture.tex
<images/app-architecture.png, id=1105, 522.95375pt x 302.12875pt>
File: images/app-architecture.png Graphic file (type png)
<use images/app-architecture.png>
Package pdftex.def Info: images/app-architecture.png  used on input line 5.
(pdftex.def)             Requested size: 330.76329pt x 191.09818pt.
 [35 <./images/app-architecture.png>] [36]) (chapters/design/TechStack.tex [37]) (chapters/design/GUI.tex
<images/wireframes/application-shell.png, id=1121, 1927.2pt x 1003.75pt>
File: images/wireframes/application-shell.png Graphic file (type png)
<use images/wireframes/application-shell.png>
Package pdftex.def Info: images/wireframes/application-shell.png  used on input line 6.
(pdftex.def)             Requested size: 441.01773pt x 229.69363pt.
 [38]
<images/wireframes/user-microfrontend.png, id=1131, 1927.2pt x 1003.75pt>
File: images/wireframes/user-microfrontend.png Graphic file (type png)
<use images/wireframes/user-microfrontend.png>
Package pdftex.def Info: images/wireframes/user-microfrontend.png  used on input line 14.
(pdftex.def)             Requested size: 441.01773pt x 229.69363pt.


LaTeX Warning: `h' float specifier changed to `ht'.

<images/wireframes/task-microfrontend.png, id=1133, 1505.625pt x 1003.75pt>
File: images/wireframes/task-microfrontend.png Graphic file (type png)
<use images/wireframes/task-microfrontend.png>
Package pdftex.def Info: images/wireframes/task-microfrontend.png  used on input line 24.
(pdftex.def)             Requested size: 441.01773pt x 294.0054pt.
[39 <./images/wireframes/application-shell.png>]

LaTeX Warning: `h' float specifier changed to `ht'.

<images/wireframes/dashboard.png, id=1143, 1505.625pt x 1003.75pt>
File: images/wireframes/dashboard.png Graphic file (type png)
<use images/wireframes/dashboard.png>
Package pdftex.def Info: images/wireframes/dashboard.png  used on input line 34.
(pdftex.def)             Requested size: 441.01773pt x 294.0054pt.

LaTeX Warning: `h' float specifier changed to `ht'.

)) (chapters/implementation/Implementation.tex [40 <./images/wireframes/user-microfrontend.png>] [41 <./images/wireframes/task-microfrontend.png> <./images/wireframes/dashboard.png>]
Chapter 5.
(chapters/implementation/Overview.tex [42

]) (chapters/implementation/Composition.tex [43]) (chapters/implementation/Communication.tex [44] [45]) (chapters/implementation/Routing.tex [46] [47]) (chapters/implementation/Styling.tex [48])) (chapters/evaluation_results/EvaluationResults.tex [49]
Chapter 6.
(chapters/evaluation_results/Reusability.tex) (chapters/evaluation_results/Extensibility.tex [50

]) (chapters/evaluation_results/ResourceSharing.tex
Overfull \hbox (9.12361pt too wide) in paragraph at lines 23--1
[]\T1/cmr/m/n/12 On av-er-age, each mi-crofron-tend in our ap-pli-ca-tion con-tributes ap-prox-i-mately 1.21MB.
 []

[51]
<images/user-space-usage.png, id=1313, 1142.46825pt x 507.0945pt>
File: images/user-space-usage.png Graphic file (type png)
<use images/user-space-usage.png>
Package pdftex.def Info: images/user-space-usage.png  used on input line 8.
(pdftex.def)             Requested size: 441.01773pt x 195.75427pt.
<images/task-space-usage.png, id=1314, 1144.275pt x 510.10574pt>
File: images/task-space-usage.png Graphic file (type png)
<use images/task-space-usage.png>
Package pdftex.def Info: images/task-space-usage.png  used on input line 13.
(pdftex.def)             Requested size: 441.01773pt x 196.59758pt.


LaTeX Warning: `h' float specifier changed to `ht'.


LaTeX Warning: `h' float specifier changed to `ht'.

) (chapters/evaluation_results/ApplicationStateManagement.tex [52])) (chapters/conclusion/Conclusion.tex [53 <./images/user-space-usage.png> <./images/task-space-usage.png>] [54]
Chapter 7.
(chapters/conclusion/Results.tex) (chapters/conclusion/PracticalImplications.tex [55

]) (chapters/conclusion/Recommendations.tex)) [56] (main.bbl
Underfull \hbox (badness 1430) in paragraph at lines 56--58
[]\T1/cmr/m/n/12 Netflix, ``Net-flix of-fi-cial web-site.'' URL: []$\T1/cmtt/m/n/12 https : / / www . netflix . com$[] \T1/cmr/m/n/12 (vis-ited
 []

[57



]
Underfull \hbox (badness 10000) in paragraph at lines 69--73
\T1/cmr/m/n/12 companies-that-implemented-the-microservice-architecture-and-paved-the-way-
 []


Underfull \hbox (badness 1577) in paragraph at lines 84--87
[]\T1/cmr/m/n/12 Thoughtworks, ``Tech-nol-ogy radar: Mi-cro fron-tends.'' URL: []$\T1/cmtt/m/n/12 https : / / www .
 []


Underfull \hbox (badness 1067) in paragraph at lines 94--97
[]\T1/cmr/m/n/12 ``Mdn web docs: Cus-tom event.'' URL: []$\T1/cmtt/m/n/12 https : / / developer . mozilla . org /
 []


Underfull \hbox (badness 10000) in paragraph at lines 108--110
[]\T1/cmr/m/n/12 Bootstrap, ``Boot-strap.'' URL: []$\T1/cmtt/m/n/12 https : / / getbootstrap . com/$[] \T1/cmr/m/n/12 (vis-ited
 []


Underfull \hbox (badness 5231) in paragraph at lines 112--114
[]\T1/cmr/m/n/12 M. De-sign, ``Ma-te-rial de-sign.'' URL: []$\T1/cmtt/m/n/12 https : / / m3 . material . io/$[] \T1/cmr/m/n/12 (vis-ited
 []


Underfull \hbox (badness 10000) in paragraph at lines 120--122
[]\T1/cmr/m/n/12 IKEA, ``Ikea of-fi-cial web-site.'' URL: []$\T1/cmtt/m/n/12 https : / / www . ikea . com/$[] \T1/cmr/m/n/12 (vis-ited
 []


Underfull \hbox (badness 2368) in paragraph at lines 124--127
[]\T1/cmr/m/n/12 J. Sten-berg, ``Ex-pe-ri-ences us-ing mi-cro fron-tends at ikea.'' URL: []$\T1/cmtt/m/n/12 https :
 []


Underfull \hbox (badness 10000) in paragraph at lines 124--127
\T1/cmtt/m/n/12 / / www . infoq . com / news / 2018 / 08 / experiences-[]micro-[]frontends/$[] \T1/cmr/m/n/12 (vis-ited
 []

[58]
Underfull \hbox (badness 1048) in paragraph at lines 158--161
[]\T1/cmr/m/n/12 R. Eisen-berg, ``About web com-po-nents.'' URL: []$\T1/cmtt/m/n/12 https : / / eisenbergeffect .
 []


Underfull \hbox (badness 5548) in paragraph at lines 163--166
\T1/cmtt/m/n/12 logrocket . com / custom-[]events-[]in-[]javascript-[]a-[]complete-[]guide/$[] \T1/cmr/m/n/12 (vis-ited
 []

) [59] (main.aux)
 ***********
LaTeX2e <2023-11-01> patch level 1
L3 programming layer <2024-01-04>
 ***********
Package rerunfilecheck Info: File `main.out' has not changed.
(rerunfilecheck)             Checksum: 4D2669F04DE436BCBEA050F52387AE52;10324.
 ) 
Here is how much of TeX's memory you used:
 14330 strings out of 474486
 224637 string characters out of 5744226
 2030542 words of memory out of 5000000
 35798 multiletter control sequences out of 15000+600000
 574294 words of font info for 67 fonts, out of 8000000 for 9000
 1141 hyphenation exceptions out of 8191
 75i,17n,79p,1507b,2011s stack positions out of 10000i,1000n,20000p,200000b,200000s
 <C:\Users\palo\AppData\Local\MiKTeX\fonts/pk/ljfour/jknappen/ec/dpi600\ecit1095.pk> <C:\Users\palo\AppData\Local\MiKTeX\fonts/pk/ljfour/jknappen/ec/dpi600\tcrm1200.pk> <C:\Users\palo\AppData\Local\MiKTeX\fonts/pk/ljfour/jknappen/ec/dpi600\ectt1095.pk> <C:\Users\palo\AppData\Local\MiKTeX\fonts/pk/ljfour/jknappen/ec/dpi600\ectt1200.pk> <C:\Users\palo\AppData\Local\MiKTeX\fonts/pk/ljfour/jknappen/ec/dpi600\ecbx1440.pk> <C:\Users\palo\AppData\Local\MiKTeX\fonts/pk/ljfour/jknappen/ec/dpi600\ecsl1200.pk> <C:\Users\palo\AppData\Local\MiKTeX\fonts/pk/ljfour/jknappen/ec/dpi600\ecti1200.pk> <C:\Users\palo\AppData\Local\MiKTeX\fonts/pk/ljfour/jknappen/ec/dpi600\ecbx2488.pk> <C:\Users\palo\AppData\Local\MiKTeX\fonts/pk/ljfour/jknappen/ec/dpi600\ecrm1200.pk> <C:\Users\palo\AppData\Local\MiKTeX\fonts/pk/ljfour/jknappen/ec/dpi600\ecbx1728.pk> <C:\Users\palo\AppData\Local\MiKTeX\fonts/pk/ljfour/jknappen/ec/dpi600\ecbx1200.pk>
Output written on main.pdf (75 pages, 1721417 bytes).
PDF statistics:
 2089 PDF objects out of 2487 (max. 8388607)
 507 named destinations out of 1000 (max. 500000)
 624 words of extra memory for PDF output out of 10000 (max. 10000000)

