\BOOKMARK [0][-]{chapter.1}{\376\377\000I\000n\000t\000r\000o\000d\000u\000c\000t\000i\000o\000n}{}% 1
\BOOKMARK [1][-]{section.1.1}{\376\377\000B\000a\000c\000k\000g\000r\000o\000u\000n\000d\000\040\000a\000n\000d\000\040\000M\000o\000t\000i\000v\000a\000t\000i\000o\000n}{chapter.1}% 2
\BOOKMARK [1][-]{section.1.2}{\376\377\000A\000i\000m}{chapter.1}% 3
\BOOKMARK [1][-]{section.1.3}{\376\377\000S\000c\000o\000p\000e\000\040\000a\000n\000d\000\040\000L\000i\000m\000i\000t\000a\000t\000i\000o\000n\000s}{chapter.1}% 4
\BOOKMARK [0][-]{chapter.2}{\376\377\000M\000i\000c\000r\000o\000s\000e\000r\000v\000i\000c\000e\000s\000\040\000a\000n\000d\000\040\000M\000i\000c\000r\000o\000f\000r\000o\000n\000t\000e\000n\000d\000s}{}% 5
\BOOKMARK [1][-]{section.2.1}{\376\377\000H\000i\000s\000t\000o\000r\000y\000\040\000o\000f\000\040\000M\000i\000c\000r\000o\000s\000e\000r\000v\000i\000c\000e\000s\000\040\000a\000n\000d\000\040\000M\000i\000c\000r\000o\000f\000r\000o\000n\000t\000e\000n\000d\000s}{chapter.2}% 6
\BOOKMARK [1][-]{section.2.2}{\376\377\000M\000i\000c\000r\000o\000s\000e\000r\000v\000i\000c\000e\000s\000\040\000P\000r\000i\000n\000c\000i\000p\000l\000e\000s}{chapter.2}% 7
\BOOKMARK [2][-]{subsection.2.2.1}{\376\377\000C\000o\000m\000p\000o\000n\000e\000n\000t\000i\000z\000e\000\040\000v\000i\000a\000\040\000S\000e\000r\000v\000i\000c\000e\000s}{section.2.2}% 8
\BOOKMARK [2][-]{subsection.2.2.2}{\376\377\000M\000o\000d\000e\000l\000\040\000A\000r\000o\000u\000n\000d\000\040\000B\000u\000s\000i\000n\000e\000s\000s\000\040\000D\000o\000m\000a\000i\000n}{section.2.2}% 9
\BOOKMARK [2][-]{subsection.2.2.3}{\376\377\000D\000e\000s\000i\000g\000n\000\040\000f\000o\000r\000\040\000F\000a\000i\000l\000u\000r\000e}{section.2.2}% 10
\BOOKMARK [2][-]{subsection.2.2.4}{\376\377\000A\000d\000o\000p\000t\000\040\000a\000\040\000C\000u\000l\000t\000u\000r\000e\000\040\000o\000f\000\040\000A\000u\000t\000o\000m\000a\000t\000i\000o\000n}{section.2.2}% 11
\BOOKMARK [2][-]{subsection.2.2.5}{\376\377\000D\000e\000c\000e\000n\000t\000r\000a\000l\000i\000z\000e\000\040\000E\000v\000e\000r\000y\000t\000h\000i\000n\000g}{section.2.2}% 12
\BOOKMARK [2][-]{subsection.2.2.6}{\376\377\000E\000v\000o\000l\000v\000e\000\040\000C\000o\000n\000t\000i\000n\000u\000o\000u\000s\000l\000y}{section.2.2}% 13
\BOOKMARK [1][-]{section.2.3}{\376\377\000M\000i\000c\000r\000o\000f\000r\000o\000n\000t\000e\000n\000d\000s\000\040\000C\000h\000a\000l\000l\000e\000n\000g\000e\000s}{chapter.2}% 14
\BOOKMARK [2][-]{subsection.2.3.1}{\376\377\000C\000o\000m\000m\000u\000n\000i\000c\000a\000t\000i\000o\000n}{section.2.3}% 15
\BOOKMARK [2][-]{subsection.2.3.2}{\376\377\000R\000o\000u\000t\000i\000n\000g}{section.2.3}% 16
\BOOKMARK [2][-]{subsection.2.3.3}{\376\377\000S\000t\000a\000t\000i\000c\000\040\000A\000s\000s\000e\000t\000s\000\040\000S\000e\000r\000v\000i\000n\000g}{section.2.3}% 17
\BOOKMARK [2][-]{subsection.2.3.4}{\376\377\000R\000e\000u\000s\000a\000b\000i\000l\000i\000t\000y}{section.2.3}% 18
\BOOKMARK [2][-]{subsection.2.3.5}{\376\377\000S\000t\000y\000l\000i\000n\000g\000\040\000C\000o\000n\000s\000i\000s\000t\000e\000n\000c\000y\000\040\000a\000n\000d\000\040\000I\000s\000o\000l\000a\000t\000i\000o\000n}{section.2.3}% 19
\BOOKMARK [2][-]{subsection.2.3.6}{\376\377\000P\000r\000o\000j\000e\000c\000t\000\040\000O\000r\000g\000a\000n\000i\000z\000a\000t\000i\000o\000n}{section.2.3}% 20
\BOOKMARK [1][-]{section.2.4}{\376\377\000M\000i\000c\000r\000o\000f\000r\000o\000n\000t\000e\000n\000d\000s\000\040\000A\000d\000v\000a\000n\000t\000a\000g\000e\000s\000\040\000a\000n\000d\000\040\000D\000i\000s\000a\000d\000v\000a\000n\000t\000a\000g\000e\000s}{chapter.2}% 21
\BOOKMARK [2][-]{subsection.2.4.1}{\376\377\000A\000d\000v\000a\000n\000t\000a\000g\000e\000s}{section.2.4}% 22
\BOOKMARK [2][-]{subsection.2.4.2}{\376\377\000D\000i\000s\000a\000d\000v\000a\000n\000t\000a\000g\000e\000s}{section.2.4}% 23
\BOOKMARK [1][-]{section.2.5}{\376\377\000M\000i\000c\000r\000o\000f\000r\000o\000n\000t\000e\000n\000d\000s\000\040\000i\000n\000\040\000P\000r\000a\000c\000t\000i\000c\000e}{chapter.2}% 24
\BOOKMARK [2][-]{subsection.2.5.1}{\376\377\000A\000m\000a\000z\000o\000n}{section.2.5}% 25
\BOOKMARK [2][-]{subsection.2.5.2}{\376\377\000I\000K\000E\000A}{section.2.5}% 26
\BOOKMARK [2][-]{subsection.2.5.3}{\376\377\000Z\000a\000l\000a\000n\000d\000o}{section.2.5}% 27
\BOOKMARK [2][-]{subsection.2.5.4}{\376\377\000S\000p\000o\000t\000i\000f\000y}{section.2.5}% 28
\BOOKMARK [2][-]{subsection.2.5.5}{\376\377\000S\000A\000P}{section.2.5}% 29
\BOOKMARK [2][-]{subsection.2.5.6}{\376\377\000D\000A\000Z\000N}{section.2.5}% 30
\BOOKMARK [0][-]{chapter.3}{\376\377\000T\000e\000c\000h\000n\000o\000l\000o\000g\000i\000c\000a\000l\000\040\000F\000o\000u\000n\000d\000a\000t\000i\000o\000n\000s}{}% 31
\BOOKMARK [1][-]{section.3.1}{\376\377\000W\000e\000b\000\040\000C\000o\000m\000p\000o\000n\000e\000n\000t\000s}{chapter.3}% 32
\BOOKMARK [2][-]{subsection.3.1.1}{\376\377\000H\000T\000M\000L\000\040\000T\000e\000m\000p\000l\000a\000t\000e\000s}{section.3.1}% 33
\BOOKMARK [2][-]{subsection.3.1.2}{\376\377\000C\000u\000s\000t\000o\000m\000\040\000E\000l\000e\000m\000e\000n\000t\000s}{section.3.1}% 34
\BOOKMARK [2][-]{subsection.3.1.3}{\376\377\000S\000h\000a\000d\000o\000w\000\040\000D\000O\000M}{section.3.1}% 35
\BOOKMARK [1][-]{section.3.2}{\376\377\000C\000u\000s\000t\000o\000m\000\040\000E\000v\000e\000n\000t\000s}{chapter.3}% 36
\BOOKMARK [0][-]{chapter.4}{\376\377\000M\000i\000c\000r\000o\000f\000r\000o\000n\000t\000e\000n\000d\000s\000\040\000i\000n\000\040\000D\000e\000t\000a\000i\000l}{}% 37
\BOOKMARK [1][-]{section.4.1}{\376\377\000C\000o\000m\000p\000o\000s\000i\000t\000i\000o\000n\000\040\000A\000p\000p\000r\000o\000a\000c\000h\000e\000s}{chapter.4}% 38
\BOOKMARK [2][-]{subsection.4.1.1}{\376\377\000L\000i\000n\000k\000-\000b\000a\000s\000e\000d\000\040\000C\000o\000m\000p\000o\000s\000i\000t\000i\000o\000n}{section.4.1}% 39
\BOOKMARK [2][-]{subsection.4.1.2}{\376\377\000C\000o\000m\000p\000o\000s\000i\000t\000i\000o\000n\000\040\000v\000i\000a\000\040\000I\000f\000r\000a\000m\000e\000s}{section.4.1}% 40
\BOOKMARK [2][-]{subsection.4.1.3}{\376\377\000C\000o\000m\000p\000o\000s\000i\000t\000i\000o\000n\000\040\000v\000i\000a\000\040\000A\000j\000a\000x}{section.4.1}% 41
\BOOKMARK [2][-]{subsection.4.1.4}{\376\377\000S\000e\000r\000v\000e\000r\000-\000s\000i\000d\000e\000\040\000C\000o\000m\000p\000o\000s\000i\000t\000i\000o\000n}{section.4.1}% 42
\BOOKMARK [2][-]{subsection.4.1.5}{\376\377\000E\000d\000g\000e\000-\000s\000i\000d\000e\000\040\000C\000o\000m\000p\000o\000s\000i\000t\000i\000o\000n}{section.4.1}% 43
\BOOKMARK [2][-]{subsection.4.1.6}{\376\377\000C\000o\000m\000p\000o\000s\000i\000t\000i\000o\000n\000\040\000v\000i\000a\000\040\000M\000o\000d\000u\000l\000e\000\040\000F\000e\000d\000e\000r\000a\000t\000i\000o\000n}{section.4.1}% 44
\BOOKMARK [2][-]{subsection.4.1.7}{\376\377\000C\000o\000m\000p\000o\000s\000i\000t\000i\000o\000n\000\040\000v\000i\000a\000\040\000W\000e\000b\000\040\000C\000o\000m\000p\000o\000n\000e\000n\000t\000s}{section.4.1}% 45
\BOOKMARK [2][-]{subsection.4.1.8}{\376\377\000S\000u\000m\000m\000a\000r\000y}{section.4.1}% 46
\BOOKMARK [0][-]{chapter.5}{\376\377\000D\000e\000s\000i\000g\000n}{}% 47
\BOOKMARK [1][-]{section.5.1}{\376\377\000A\000p\000p\000l\000i\000c\000a\000t\000i\000o\000n\000\040\000i\000n\000t\000r\000o\000d\000u\000c\000t\000i\000o\000n}{chapter.5}% 48
\BOOKMARK [1][-]{section.5.2}{\376\377\000R\000e\000q\000u\000i\000r\000e\000m\000e\000n\000t\000s}{chapter.5}% 49
\BOOKMARK [2][-]{subsection.5.2.1}{\376\377\000F\000u\000n\000c\000t\000i\000o\000n\000a\000l\000\040\000R\000e\000q\000u\000i\000r\000e\000m\000e\000n\000t\000s}{section.5.2}% 50
\BOOKMARK [2][-]{subsection.5.2.2}{\376\377\000N\000o\000n\000-\000f\000u\000n\000c\000t\000i\000o\000n\000a\000l\000\040\000R\000e\000q\000u\000i\000r\000e\000m\000e\000n\000t\000s}{section.5.2}% 51
\BOOKMARK [1][-]{section.5.3}{\376\377\000S\000y\000s\000t\000e\000m\000\040\000A\000r\000c\000h\000i\000t\000e\000c\000t\000u\000r\000e}{chapter.5}% 52
\BOOKMARK [2][-]{subsection.5.3.1}{\376\377\000A\000p\000p\000l\000i\000c\000a\000t\000i\000o\000n\000\040\000S\000h\000e\000l\000l}{section.5.3}% 53
\BOOKMARK [2][-]{subsection.5.3.2}{\376\377\000U\000s\000e\000r\000s\000\040\000M\000i\000c\000r\000o\000f\000r\000o\000n\000t\000e\000n\000d}{section.5.3}% 54
\BOOKMARK [2][-]{subsection.5.3.3}{\376\377\000P\000r\000o\000j\000e\000c\000t\000s\000\040\000M\000i\000c\000r\000o\000f\000r\000o\000n\000t\000e\000n\000d}{section.5.3}% 55
\BOOKMARK [2][-]{subsection.5.3.4}{\376\377\000T\000a\000s\000k\000s\000\040\000M\000i\000c\000r\000o\000f\000r\000o\000n\000t\000e\000n\000d}{section.5.3}% 56
\BOOKMARK [2][-]{subsection.5.3.5}{\376\377\000D\000a\000s\000h\000b\000o\000a\000r\000d\000\040\000M\000i\000c\000r\000o\000f\000r\000o\000n\000t\000e\000n\000d}{section.5.3}% 57
\BOOKMARK [1][-]{section.5.4}{\376\377\000T\000e\000c\000h\000\040\000S\000t\000a\000c\000k}{chapter.5}% 58
\BOOKMARK [2][-]{subsection.5.4.1}{\376\377\000A\000n\000g\000u\000l\000a\000r}{section.5.4}% 59
\BOOKMARK [2][-]{subsection.5.4.2}{\376\377\000T\000y\000p\000e\000S\000c\000r\000i\000p\000t}{section.5.4}% 60
\BOOKMARK [2][-]{subsection.5.4.3}{\376\377\000W\000e\000b\000\040\000C\000o\000m\000p\000o\000n\000e\000n\000t\000s}{section.5.4}% 61
\BOOKMARK [2][-]{subsection.5.4.4}{\376\377\000B\000r\000o\000w\000s\000e\000r\000\040\000E\000v\000e\000n\000t\000s}{section.5.4}% 62
\BOOKMARK [1][-]{section.5.5}{\376\377\000G\000r\000a\000p\000h\000i\000c\000a\000l\000\040\000U\000s\000e\000r\000\040\000I\000n\000t\000e\000r\000f\000a\000c\000e}{chapter.5}% 63
\BOOKMARK [2][-]{subsection.5.5.1}{\376\377\000A\000p\000p\000l\000i\000c\000a\000t\000i\000o\000n\000\040\000S\000h\000e\000l\000l}{section.5.5}% 64
\BOOKMARK [2][-]{subsection.5.5.2}{\376\377\000U\000s\000e\000r\000s\000\040\000M\000i\000c\000r\000o\000f\000r\000o\000n\000t\000e\000n\000d}{section.5.5}% 65
\BOOKMARK [2][-]{subsection.5.5.3}{\376\377\000P\000r\000o\000j\000e\000c\000t\000s\000\040\000M\000i\000c\000r\000o\000f\000r\000o\000n\000t\000e\000n\000d}{section.5.5}% 66
\BOOKMARK [2][-]{subsection.5.5.4}{\376\377\000T\000a\000s\000k\000s\000\040\000M\000i\000c\000r\000o\000f\000r\000o\000n\000t\000e\000n\000d}{section.5.5}% 67
\BOOKMARK [2][-]{subsection.5.5.5}{\376\377\000D\000a\000s\000h\000b\000o\000a\000r\000d\000\040\000M\000i\000c\000r\000o\000f\000r\000o\000n\000t\000e\000n\000d}{section.5.5}% 68
\BOOKMARK [0][-]{chapter.6}{\376\377\000I\000m\000p\000l\000e\000m\000e\000n\000t\000a\000t\000i\000o\000n}{}% 69
\BOOKMARK [1][-]{section.6.1}{\376\377\000O\000v\000e\000r\000v\000i\000e\000w}{chapter.6}% 70
\BOOKMARK [1][-]{section.6.2}{\376\377\000C\000o\000m\000m\000u\000n\000i\000c\000a\000t\000i\000o\000n}{chapter.6}% 71
\BOOKMARK [1][-]{section.6.3}{\376\377\000R\000o\000u\000t\000i\000n\000g}{chapter.6}% 72
\BOOKMARK [1][-]{section.6.4}{\376\377\000S\000t\000y\000l\000i\000n\000g}{chapter.6}% 73
\BOOKMARK [1][-]{section.6.5}{\376\377\000R\000e\000s\000o\000u\000r\000c\000e\000\040\000s\000h\000a\000r\000i\000n\000g}{chapter.6}% 74
\BOOKMARK [1][-]{section.6.6}{\376\377\000I\000n\000f\000r\000a\000s\000t\000r\000u\000c\000t\000u\000r\000e}{chapter.6}% 75
\BOOKMARK [1][-]{section.6.7}{\376\377\000T\000e\000s\000t\000i\000n\000g}{chapter.6}% 76
\BOOKMARK [0][-]{chapter.7}{\376\377\000C\000o\000n\000c\000l\000u\000s\000i\000o\000n}{}% 77
\BOOKMARK [1][-]{section.7.1}{\376\377\000I\000m\000p\000l\000e\000m\000e\000n\000t\000a\000t\000i\000o\000n\000\040\000R\000e\000s\000u\000l\000t\000s}{chapter.7}% 78
\BOOKMARK [1][-]{section.7.2}{\376\377\000P\000r\000a\000c\000t\000i\000c\000a\000l\000\040\000I\000m\000p\000l\000i\000c\000a\000t\000i\000o\000n\000s}{chapter.7}% 79
\BOOKMARK [1][-]{section.7.3}{\376\377\000R\000e\000c\000o\000m\000m\000e\000n\000d\000a\000t\000i\000o\000n\000s\000\040\000f\000o\000r\000\040\000F\000u\000t\000u\000r\000e\000\040\000W\000o\000r\000k}{chapter.7}% 80
